{"body":{"email":"abcd@gmail.com"},"level":"info","message":"API request","method":"POST","path":"/getwatchlist","query":{}}
{"body":{"email":"abcd@gmail.com"},"level":"info","message":"API request getwatchlist api called","method":"POST","path":"/getwatchlist"}
{"level":"info","message":"API response","method":"POST","path":"/getwatchlist","status":200}
{"body":{"email":"abcd@gmail.com","newwatchlist":["dogecoin","solana","ethereum","tether"]},"level":"info","message":"API request","method":"POST","path":"/setwatchlist","query":{}}
{"body":{"email":"abcd@gmail.com","newwatchlist":["dogecoin","solana","ethereum","tether"]},"level":"info","message":"API request setwatchlist api called","method":"POST","path":"/setwatchlist"}
{"body":{"email":"abcd@gmail.com"},"level":"info","message":"API request","method":"POST","path":"/getwatchlist","query":{}}
{"body":{"email":"abcd@gmail.com"},"level":"info","message":"API request getwatchlist api called","method":"POST","path":"/getwatchlist"}
{"level":"info","message":"API response","method":"POST","path":"/getwatchlist","status":200}
{"level":"info","message":"API response","method":"POST","path":"/setwatchlist","status":200}
{"body":{"email":"abcd@gmail.com","newwatchlist":["dogecoin","solana","ethereum","tether"]},"level":"info","message":"API request","method":"POST","path":"/setwatchlist","query":{}}
{"body":{"email":"abcd@gmail.com","newwatchlist":["dogecoin","solana","ethereum","tether"]},"level":"info","message":"API request setwatchlist api called","method":"POST","path":"/setwatchlist"}
{"body":{"email":"abcd@gmail.com"},"level":"info","message":"API request","method":"POST","path":"/getwatchlist","query":{}}
{"body":{"email":"abcd@gmail.com"},"level":"info","message":"API request getwatchlist api called","method":"POST","path":"/getwatchlist"}
{"level":"info","message":"API response","method":"POST","path":"/setwatchlist","status":200}
{"level":"info","message":"API response","method":"POST","path":"/getwatchlist","status":200}
{"body":{"email":"abcd@gmail.com","newwatchlist":["dogecoin","solana","ethereum","tether","binancecoin"]},"level":"info","message":"API request","method":"POST","path":"/setwatchlist","query":{}}
{"body":{"email":"abcd@gmail.com","newwatchlist":["dogecoin","solana","ethereum","tether","binancecoin"]},"level":"info","message":"API request setwatchlist api called","method":"POST","path":"/setwatchlist"}
{"body":{"email":"abcd@gmail.com"},"level":"info","message":"API request","method":"POST","path":"/getwatchlist","query":{}}
{"body":{"email":"abcd@gmail.com"},"level":"info","message":"API request getwatchlist api called","method":"POST","path":"/getwatchlist"}
{"level":"info","message":"API response","method":"POST","path":"/setwatchlist","status":200}
{"level":"info","message":"API response","method":"POST","path":"/getwatchlist","status":200}
{"body":{"email":"abcd@gmail.com"},"level":"info","message":"API request","method":"POST","path":"/getwatchlist","query":{}}
{"body":{"email":"abcd@gmail.com"},"level":"info","message":"API request getwatchlist api called","method":"POST","path":"/getwatchlist"}
{"level":"info","message":"API response","method":"POST","path":"/getwatchlist","status":200}
{"body":{"email":"abcd@gmail.com","newwatchlist":["dogecoin","solana","tether","binancecoin"]},"level":"info","message":"API request","method":"POST","path":"/setwatchlist","query":{}}
{"body":{"email":"abcd@gmail.com","newwatchlist":["dogecoin","solana","tether","binancecoin"]},"level":"info","message":"API request setwatchlist api called","method":"POST","path":"/setwatchlist"}
{"level":"info","message":"API response","method":"POST","path":"/setwatchlist","status":200}
{"body":{"email":"abcd@gmail.com"},"level":"info","message":"API request","method":"POST","path":"/getwatchlist","query":{}}
{"body":{"email":"abcd@gmail.com"},"level":"info","message":"API request getwatchlist api called","method":"POST","path":"/getwatchlist"}
{"level":"info","message":"API response","method":"POST","path":"/getwatchlist","status":200}
{"body":{"email":"abcd@gmail.com","newwatchlist":["dogecoin","solana","binancecoin"]},"level":"info","message":"API request","method":"POST","path":"/setwatchlist","query":{}}
{"body":{"email":"abcd@gmail.com","newwatchlist":["dogecoin","solana","binancecoin"]},"level":"info","message":"API request setwatchlist api called","method":"POST","path":"/setwatchlist"}
{"body":{"email":"abcd@gmail.com"},"level":"info","message":"API request","method":"POST","path":"/getwatchlist","query":{}}
{"body":{"email":"abcd@gmail.com"},"level":"info","message":"API request getwatchlist api called","method":"POST","path":"/getwatchlist"}
{"level":"info","message":"API response","method":"POST","path":"/setwatchlist","status":200}
{"level":"info","message":"API response","method":"POST","path":"/getwatchlist","status":200}
{"body":{"email":"abcd@gmail.com","newwatchlist":["dogecoin","solana","binancecoin","bitcoin"]},"level":"info","message":"API request","method":"POST","path":"/setwatchlist","query":{}}
{"body":{"email":"abcd@gmail.com","newwatchlist":["dogecoin","solana","binancecoin","bitcoin"]},"level":"info","message":"API request setwatchlist api called","method":"POST","path":"/setwatchlist"}
{"body":{"email":"abcd@gmail.com"},"level":"info","message":"API request","method":"POST","path":"/getwatchlist","query":{}}
{"body":{"email":"abcd@gmail.com"},"level":"info","message":"API request getwatchlist api called","method":"POST","path":"/getwatchlist"}
{"level":"info","message":"API response","method":"POST","path":"/setwatchlist","status":200}
{"level":"info","message":"API response","method":"POST","path":"/getwatchlist","status":200}
{"body":{"email":"abcd@gmail.com","newwatchlist":["dogecoin","solana","binancecoin","bitcoin","wrapped-bitcoin"]},"level":"info","message":"API request","method":"POST","path":"/setwatchlist","query":{}}
{"body":{"email":"abcd@gmail.com","newwatchlist":["dogecoin","solana","binancecoin","bitcoin","wrapped-bitcoin"]},"level":"info","message":"API request setwatchlist api called","method":"POST","path":"/setwatchlist"}
{"body":{"email":"abcd@gmail.com"},"level":"info","message":"API request","method":"POST","path":"/getwatchlist","query":{}}
{"body":{"email":"abcd@gmail.com"},"level":"info","message":"API request getwatchlist api called","method":"POST","path":"/getwatchlist"}
{"level":"info","message":"API response","method":"POST","path":"/setwatchlist","status":200}
{"level":"info","message":"API response","method":"POST","path":"/getwatchlist","status":200}
{"body":{"email":"abcd@gmail.com","newwatchlist":["dogecoin","solana","binancecoin","wrapped-bitcoin"]},"level":"info","message":"API request","method":"POST","path":"/setwatchlist","query":{}}
{"body":{"email":"abcd@gmail.com","newwatchlist":["dogecoin","solana","binancecoin","wrapped-bitcoin"]},"level":"info","message":"API request setwatchlist api called","method":"POST","path":"/setwatchlist"}
{"body":{"email":"abcd@gmail.com"},"level":"info","message":"API request","method":"POST","path":"/getwatchlist","query":{}}
{"body":{"email":"abcd@gmail.com"},"level":"info","message":"API request getwatchlist api called","method":"POST","path":"/getwatchlist"}
{"level":"info","message":"API response","method":"POST","path":"/setwatchlist","status":200}
{"level":"info","message":"API response","method":"POST","path":"/getwatchlist","status":200}
{"body":{"email":"abcd@gmail.com","newwatchlist":["solana","binancecoin","wrapped-bitcoin"]},"level":"info","message":"API request","method":"POST","path":"/setwatchlist","query":{}}
{"body":{"email":"abcd@gmail.com","newwatchlist":["solana","binancecoin","wrapped-bitcoin"]},"level":"info","message":"API request setwatchlist api called","method":"POST","path":"/setwatchlist"}
{"body":{"email":"abcd@gmail.com"},"level":"info","message":"API request","method":"POST","path":"/getwatchlist","query":{}}
{"body":{"email":"abcd@gmail.com"},"level":"info","message":"API request getwatchlist api called","method":"POST","path":"/getwatchlist"}
{"level":"info","message":"API response","method":"POST","path":"/setwatchlist","status":200}
{"level":"info","message":"API response","method":"POST","path":"/getwatchlist","status":200}
{"body":{"email":null,"newwatchlist":["solana","binancecoin","wrapped-bitcoin","usd-coin"]},"level":"info","message":"API request","method":"POST","path":"/setwatchlist","query":{}}
{"body":{"email":null,"newwatchlist":["solana","binancecoin","wrapped-bitcoin","usd-coin"]},"level":"info","message":"API request setwatchlist api called","method":"POST","path":"/setwatchlist"}
{"body":{"email":null},"level":"info","message":"API request","method":"POST","path":"/getwatchlist","query":{}}
{"body":{"email":null},"level":"info","message":"API request getwatchlist api called","method":"POST","path":"/getwatchlist"}
{"level":"info","message":"API response","method":"POST","path":"/setwatchlist","status":200}
{"body":{"email":"test1@gmail.com","password":"test1"},"level":"info","message":"API request","method":"POST","path":"/login-user","query":{}}
{"body":{"email":"test1@gmail.com","password":"test1"},"level":"info","message":"API request login-user api called","method":"POST","path":"/login-user"}
{"level":"info","message":"API response","method":"POST","path":"/login-user","status":201}
{"body":{"email":"test1@gmail.com"},"level":"info","message":"API request","method":"POST","path":"/getwatchlist","query":{}}
{"body":{"email":"test1@gmail.com"},"level":"info","message":"API request getwatchlist api called","method":"POST","path":"/getwatchlist"}
{"level":"info","message":"API response","method":"POST","path":"/getwatchlist","status":200}
{"body":{"email":"test1@gmail.com","newwatchlist":["bitcoin","ethereum","tether"]},"level":"info","message":"API request","method":"POST","path":"/setwatchlist","query":{}}
{"body":{"email":"test1@gmail.com","newwatchlist":["bitcoin","ethereum","tether"]},"level":"info","message":"API request setwatchlist api called","method":"POST","path":"/setwatchlist"}
{"body":{"email":"test1@gmail.com"},"level":"info","message":"API request","method":"POST","path":"/getwatchlist","query":{}}
{"body":{"email":"test1@gmail.com"},"level":"info","message":"API request getwatchlist api called","method":"POST","path":"/getwatchlist"}
{"level":"info","message":"API response","method":"POST","path":"/setwatchlist","status":200}
{"level":"info","message":"API response","method":"POST","path":"/getwatchlist","status":200}
{"body":{"email":"test2@gmail.com","password":"test2"},"level":"info","message":"API request","method":"POST","path":"/register","query":{}}
{"body":{"email":"test2@gmail.com","password":"test2"},"level":"info","message":"API request register api called","method":"POST","path":"/register"}
{"level":"info","message":"API response","method":"POST","path":"/register","status":201}
{"body":{"email":"test2@gmail.com","password":"test2"},"level":"info","message":"API request","method":"POST","path":"/login-user","query":{}}
{"body":{"email":"test2@gmail.com","password":"test2"},"level":"info","message":"API request login-user api called","method":"POST","path":"/login-user"}
{"level":"info","message":"API response","method":"POST","path":"/login-user","status":201}
{"body":{"email":"test2@gmail.com"},"level":"info","message":"API request","method":"POST","path":"/getwatchlist","query":{}}
{"body":{"email":"test2@gmail.com"},"level":"info","message":"API request getwatchlist api called","method":"POST","path":"/getwatchlist"}
{"level":"info","message":"API response","method":"POST","path":"/getwatchlist","status":200}
{"body":{"email":"test2@gmail.com","newwatchlist":["bitcoin"]},"level":"info","message":"API request","method":"POST","path":"/setwatchlist","query":{}}
{"body":{"email":"test2@gmail.com","newwatchlist":["bitcoin"]},"level":"info","message":"API request setwatchlist api called","method":"POST","path":"/setwatchlist"}
{"body":{"email":"test2@gmail.com"},"level":"info","message":"API request","method":"POST","path":"/getwatchlist","query":{}}
{"body":{"email":"test2@gmail.com"},"level":"info","message":"API request getwatchlist api called","method":"POST","path":"/getwatchlist"}
{"level":"info","message":"API response","method":"POST","path":"/setwatchlist","status":200}
{"level":"info","message":"API response","method":"POST","path":"/getwatchlist","status":200}
{"body":{"email":"test2@gmail.com","newwatchlist":["bitcoin","ethereum"]},"level":"info","message":"API request","method":"POST","path":"/setwatchlist","query":{}}
{"body":{"email":"test2@gmail.com","newwatchlist":["bitcoin","ethereum"]},"level":"info","message":"API request setwatchlist api called","method":"POST","path":"/setwatchlist"}
{"level":"info","message":"API response","method":"POST","path":"/setwatchlist","status":200}
{"body":{"email":"test2@gmail.com"},"level":"info","message":"API request","method":"POST","path":"/getwatchlist","query":{}}
{"body":{"email":"test2@gmail.com"},"level":"info","message":"API request getwatchlist api called","method":"POST","path":"/getwatchlist"}
{"level":"info","message":"API response","method":"POST","path":"/getwatchlist","status":200}
{"body":{"email":"test2@gmail.com","newwatchlist":["bitcoin","ethereum","tether"]},"level":"info","message":"API request","method":"POST","path":"/setwatchlist","query":{}}
{"body":{"email":"test2@gmail.com","newwatchlist":["bitcoin","ethereum","tether"]},"level":"info","message":"API request setwatchlist api called","method":"POST","path":"/setwatchlist"}
{"body":{"email":"test2@gmail.com"},"level":"info","message":"API request","method":"POST","path":"/getwatchlist","query":{}}
{"body":{"email":"test2@gmail.com"},"level":"info","message":"API request getwatchlist api called","method":"POST","path":"/getwatchlist"}
{"level":"info","message":"API response","method":"POST","path":"/setwatchlist","status":200}
{"level":"info","message":"API response","method":"POST","path":"/getwatchlist","status":200}
{"body":{"email":"test2@gmail.com","newwatchlist":["bitcoin","ethereum","tether","binancecoin"]},"level":"info","message":"API request","method":"POST","path":"/setwatchlist","query":{}}
{"body":{"email":"test2@gmail.com","newwatchlist":["bitcoin","ethereum","tether","binancecoin"]},"level":"info","message":"API request setwatchlist api called","method":"POST","path":"/setwatchlist"}
{"body":{"email":"test2@gmail.com"},"level":"info","message":"API request","method":"POST","path":"/getwatchlist","query":{}}
{"body":{"email":"test2@gmail.com"},"level":"info","message":"API request getwatchlist api called","method":"POST","path":"/getwatchlist"}
{"level":"info","message":"API response","method":"POST","path":"/setwatchlist","status":200}
{"level":"info","message":"API response","method":"POST","path":"/getwatchlist","status":200}
{"body":{"email":"test2@gmail.com","newwatchlist":["bitcoin","ethereum","binancecoin"]},"level":"info","message":"API request","method":"POST","path":"/setwatchlist","query":{}}
{"body":{"email":"test2@gmail.com","newwatchlist":["bitcoin","ethereum","binancecoin"]},"level":"info","message":"API request setwatchlist api called","method":"POST","path":"/setwatchlist"}
{"body":{"email":"test2@gmail.com"},"level":"info","message":"API request","method":"POST","path":"/getwatchlist","query":{}}
{"body":{"email":"test2@gmail.com"},"level":"info","message":"API request getwatchlist api called","method":"POST","path":"/getwatchlist"}
{"level":"info","message":"API response","method":"POST","path":"/setwatchlist","status":200}
{"level":"info","message":"API response","method":"POST","path":"/getwatchlist","status":200}
{"body":{"email":"test2@gmail.com","newwatchlist":["ethereum","binancecoin"]},"level":"info","message":"API request","method":"POST","path":"/setwatchlist","query":{}}
{"body":{"email":"test2@gmail.com","newwatchlist":["ethereum","binancecoin"]},"level":"info","message":"API request setwatchlist api called","method":"POST","path":"/setwatchlist"}
{"body":{"email":"test2@gmail.com"},"level":"info","message":"API request","method":"POST","path":"/getwatchlist","query":{}}
{"body":{"email":"test2@gmail.com"},"level":"info","message":"API request getwatchlist api called","method":"POST","path":"/getwatchlist"}
{"level":"info","message":"API response","method":"POST","path":"/setwatchlist","status":200}
{"level":"info","message":"API response","method":"POST","path":"/getwatchlist","status":200}
{"body":{"email":"test2@gmail.com"},"level":"info","message":"API request","method":"POST","path":"/getwatchlist","query":{}}
{"body":{"email":"test2@gmail.com"},"level":"info","message":"API request getwatchlist api called","method":"POST","path":"/getwatchlist"}
{"level":"info","message":"API response","method":"POST","path":"/getwatchlist","status":200}
