{"body":{"email":"abcd@gmail.com"},"level":"info","message":"API request","method":"POST","path":"/getwatchlist","query":{}}
{"body":{"email":"abcd@gmail.com"},"level":"info","message":"API request getwatchlist api called","method":"POST","path":"/getwatchlist"}
{"level":"info","message":"API response","method":"POST","path":"/getwatchlist","status":200}
{"body":{"email":"abcd@gmail.com","password":"abcd"},"level":"info","message":"API request","method":"POST","path":"/login-user","query":{}}
{"body":{"email":"abcd@gmail.com","password":"abcd"},"level":"info","message":"API request login-user api called","method":"POST","path":"/login-user"}
{"level":"info","message":"API response","method":"POST","path":"/login-user","status":201}
{"body":{"email":"abcd@gmail.com"},"level":"info","message":"API request","method":"POST","path":"/getwatchlist","query":{}}
{"body":{"email":"abcd@gmail.com"},"level":"info","message":"API request getwatchlist api called","method":"POST","path":"/getwatchlist"}
{"level":"info","message":"API response","method":"POST","path":"/getwatchlist","status":200}
{"body":{"email":"abcd@gmail.com"},"level":"info","message":"API request","method":"POST","path":"/getwatchlist","query":{}}
{"body":{"email":"abcd@gmail.com"},"level":"info","message":"API request getwatchlist api called","method":"POST","path":"/getwatchlist"}
{"body":{"email":"abcd@gmail.com","newwatchlist":["binancecoin","dogecoin","solana"]},"level":"info","message":"API request","method":"POST","path":"/setwatchlist","query":{}}
{"body":{"email":"abcd@gmail.com","newwatchlist":["binancecoin","dogecoin","solana"]},"level":"info","message":"API request setwatchlist api called","method":"POST","path":"/setwatchlist"}
{"level":"info","message":"API response","method":"POST","path":"/getwatchlist","status":200}
{"level":"info","message":"API response","method":"POST","path":"/setwatchlist","status":200}
{"body":{"email":"abcd@gmail.com","newwatchlist":["tether","dogecoin","solana"]},"level":"info","message":"API request","method":"POST","path":"/setwatchlist","query":{}}
{"body":{"email":"abcd@gmail.com","newwatchlist":["tether","dogecoin","solana"]},"level":"info","message":"API request setwatchlist api called","method":"POST","path":"/setwatchlist"}
{"body":{"email":"abcd@gmail.com"},"level":"info","message":"API request","method":"POST","path":"/getwatchlist","query":{}}
{"body":{"email":"abcd@gmail.com"},"level":"info","message":"API request getwatchlist api called","method":"POST","path":"/getwatchlist"}
{"level":"info","message":"API response","method":"POST","path":"/setwatchlist","status":200}
{"level":"info","message":"API response","method":"POST","path":"/getwatchlist","status":200}
{"body":{"email":"abcd@gmail.com","newwatchlist":["dogecoin","solana"]},"level":"info","message":"API request","method":"POST","path":"/setwatchlist","query":{}}
{"body":{"email":"abcd@gmail.com","newwatchlist":["dogecoin","solana"]},"level":"info","message":"API request setwatchlist api called","method":"POST","path":"/setwatchlist"}
{"level":"info","message":"API response","method":"POST","path":"/setwatchlist","status":200}
{"body":{"email":"abcd@gmail.com"},"level":"info","message":"API request","method":"POST","path":"/getwatchlist","query":{}}
{"body":{"email":"abcd@gmail.com"},"level":"info","message":"API request getwatchlist api called","method":"POST","path":"/getwatchlist"}
{"level":"info","message":"API response","method":"POST","path":"/getwatchlist","status":200}
{"body":{"email":"abcd@gmail.com","newwatchlist":["dogecoin","solana","ethereum"]},"level":"info","message":"API request","method":"POST","path":"/setwatchlist","query":{}}
{"body":{"email":"abcd@gmail.com","newwatchlist":["dogecoin","solana","ethereum"]},"level":"info","message":"API request setwatchlist api called","method":"POST","path":"/setwatchlist"}
{"body":{"email":"abcd@gmail.com"},"level":"info","message":"API request","method":"POST","path":"/getwatchlist","query":{}}
{"body":{"email":"abcd@gmail.com"},"level":"info","message":"API request getwatchlist api called","method":"POST","path":"/getwatchlist"}
{"level":"info","message":"API response","method":"POST","path":"/setwatchlist","status":200}
{"level":"info","message":"API response","method":"POST","path":"/getwatchlist","status":200}
{"body":{"email":"abcd@gmail.com"},"level":"info","message":"API request","method":"POST","path":"/getwatchlist","query":{}}
{"body":{"email":"abcd@gmail.com"},"level":"info","message":"API request getwatchlist api called","method":"POST","path":"/getwatchlist"}
{"level":"info","message":"API response","method":"POST","path":"/getwatchlist","status":200}
